STEP to UG
! INFO-     NX STEP AP203 - V1926
! INFO-      
! INFO-     Start of Translation: 29-DEC-2023  5:06:25 PM
! INFO-      
! STATUS-   Converting Part: C:\Users\esker\ISS\ISS-STR\STG 2 CAD\Tentative Official\Booster\90357A005_Ultra-Low-Profile Socket Head Screw.STEP
! SUMMARY-   
! SUMMARY-    STEP Header Information
! SUMMARY-   
! SUMMARY-  Description      STEP AP203
! SUMMARY-  Imp_Level        1
! SUMMARY-  File_Name        90357A005_Ultra-Low-Profile Socket Head Screw.STEP
! SUMMARY-  Date             2023-08-01T14:25:47
! SUMMARY-  Author           Administrator
! SUMMARY-  Organization     Managed by Terraform
! SUMMARY-  Pre_Version      SwSTEP 2.0
! SUMMARY-  Orig_System      SolidWorks 2017
! SUMMARY-  Authorization    Unknown
! SUMMARY-  Schema_ID        config_control_design
! SUMMARY-   
! SUMMARY-    Summary of STEP Entities
! SUMMARY-   
! SUMMARY-  Entity Type                                                   Count
! SUMMARY-  -----------                                                   ------
! SUMMARY-  advanced_face ..............................................:    122
! SUMMARY-  application_context ........................................:      2
! SUMMARY-  approval ...................................................:      3
! SUMMARY-  approval_date_time .........................................:      3
! SUMMARY-  approval_person_organization ...............................:      3
! SUMMARY-  approval_role ..............................................:      3
! SUMMARY-  approval_status ............................................:      3
! SUMMARY-  axis2_placement_3d .........................................:    147
! SUMMARY-  b_spline_curve_with_knots ..................................:     16
! SUMMARY-  b_spline_curve_with_knots_and_rational_b_spline_curve ......:    178
! SUMMARY-  b_spline_surface_with_knots_and_rational_b_spline_surface ..:      2
! SUMMARY-  calendar_date ..............................................:      3
! SUMMARY-  cartesian_point ............................................:   3499
! SUMMARY-  circle .....................................................:     26
! SUMMARY-  closed_shell ...............................................:      1
! SUMMARY-  conical_surface ............................................:     17
! SUMMARY-  conversion_based_unit_and_length_unit ......................:      1
! SUMMARY-  coordinated_universal_time_offset ..........................:      3
! SUMMARY-  cylindrical_surface ........................................:     93
! SUMMARY-  date_and_time ..............................................:      3
! SUMMARY-  dimensional_exponents ......................................:      1
! SUMMARY-  direction ..................................................:    408
! SUMMARY-  edge_curve .................................................:    334
! SUMMARY-  edge_loop ..................................................:    124
! SUMMARY-  face_bound .................................................:      2
! SUMMARY-  face_outer_bound ...........................................:    122
! SUMMARY-  geometric_representation_context_and_global_uncertainty_a ..:      1
! SUMMARY-  length_measure_with_unit ...................................:      1
! SUMMARY-  length_unit_and_si_unit ....................................:      1
! SUMMARY-  line .......................................................:    114
! SUMMARY-  local_time .................................................:      3
! SUMMARY-  manifold_solid_brep ........................................:      1
! SUMMARY-  organization ...............................................:      1
! SUMMARY-  oriented_edge ..............................................:    668
! SUMMARY-  person .....................................................:      1
! SUMMARY-  person_and_organization ....................................:      3
! SUMMARY-  plane ......................................................:     10
! SUMMARY-  plane_angle_unit_and_si_unit ...............................:      1
! SUMMARY-  product ....................................................:      1
! SUMMARY-  product_context ............................................:      1
! SUMMARY-  product_definition .........................................:      1
! SUMMARY-  product_definition_context .................................:      1
! SUMMARY-  product_definition_formation_with_specified_source .........:      1
! SUMMARY-  product_definition_shape ...................................:      1
! SUMMARY-  product_related_product_category ...........................:      1
! SUMMARY-  si_unit_and_solid_angle_unit ...............................:      1
! SUMMARY-  uncertainty_measure_with_unit ..............................:      1
! SUMMARY-  vector .....................................................:    114
! SUMMARY-  vertex_point ...............................................:    216
! SUMMARY-                                                               -------
! SUMMARY-  Total                                                           6263
! STATUS-    
! STATUS-   Converting to Output Form (Phase 2 of 3): 29-DEC-2023 5:06:25 PM
! STATUS-    
! STATUS-    
! STATUS-   Generating UG geometry and placing them in parts
! STATUS-    
! STATUS-   Creating the UG part (Phase 3 of 3): 29-DEC-2023  5:06:26 PM
! INFO-     Filing Part ..: C:\Users\esker\ISS\ISS-STR\STG 2 CAD\Alex Parts\90357A005_Ultra-Low-Profile Socket Head Screw.prt
! SUMMARY-   
! SUMMARY-  Summary of Unigraphics Part Entities
! SUMMARY-   
! SUMMARY-  Entities Processed             Count
! SUMMARY-  ------------------             -----
! SUMMARY-  Solid .......................:     1
! SUMMARY-                                 -----
! SUMMARY-  Total                              1
! INFO-      
! INFO-     Total number of solids input for this translation       :         1
! INFO-      
! INFO-     Number of solids created without body validation faults :         1
! INFO-      
! INFO-     Number of solids created with body validation fault(s)  :         0
! INFO-      
! INFO-     Number of solids ending up as sheet bodies              :         0
! INFO-      
! INFO-     End of Translation: 29-DEC-2023  5:06:27 PM
! INFO-      
STEP to UG
! INFO-     Renaming Log File to C:\Users\esker\ISS\ISS-STR\STG 2 CAD\Tentative Official\Booster\90357A005_Ultra-Low-Profile Socket Head Screw.log
